  Proyecto final mate.cpp
c:\users\mrgom\desktop\proyecto final mate\proyecto final mate.cpp(76): warning C4326: el tipo de valor devuelto de 'main' debe ser 'int' en lugar de 'void'
c:\users\mrgom\desktop\proyecto final mate\proyecto final mate.cpp(250): warning C4244: '=': conversión de 'int' a 'float'; posible pérdida de datos
c:\users\mrgom\desktop\proyecto final mate\proyecto final mate.cpp(260): warning C4244: '=': conversión de 'double' a 'float'; posible pérdida de datos
c:\users\mrgom\desktop\proyecto final mate\proyecto final mate.cpp(939): warning C4244: '=': conversión de 'double' a 'float'; posible pérdida de datos
c:\users\mrgom\desktop\proyecto final mate\proyecto final mate.cpp(985): warning C4244: '=': conversión de 'double' a 'float'; posible pérdida de datos
c:\users\mrgom\desktop\proyecto final mate\proyecto final mate.cpp(1035): warning C4244: '=': conversión de 'double' a 'float'; posible pérdida de datos
c:\users\mrgom\desktop\proyecto final mate\proyecto final mate.cpp(1142): warning C4244: '=': conversión de 'double' a 'float'; posible pérdida de datos
c:\users\mrgom\desktop\proyecto final mate\proyecto final mate.cpp(1187): warning C4244: '=': conversión de 'double' a 'float'; posible pérdida de datos
c:\users\mrgom\desktop\proyecto final mate\proyecto final mate.cpp(1237): warning C4244: '=': conversión de 'double' a 'float'; posible pérdida de datos
c:\users\mrgom\desktop\proyecto final mate\proyecto final mate.cpp(1365): warning C4244: '=': conversión de 'size_t' a 'float'; posible pérdida de datos
c:\users\mrgom\desktop\proyecto final mate\proyecto final mate.cpp(1378): warning C4244: '=': conversión de 'double' a 'float'; posible pérdida de datos
c:\users\mrgom\desktop\proyecto final mate\proyecto final mate.cpp(1559): warning C4244: '=': conversión de 'double' a 'float'; posible pérdida de datos
c:\users\mrgom\desktop\proyecto final mate\proyecto final mate.cpp(1560): warning C4244: '=': conversión de 'double' a 'float'; posible pérdida de datos
c:\users\mrgom\desktop\proyecto final mate\proyecto final mate.cpp(1617): warning C4244: '=': conversión de 'size_t' a 'float'; posible pérdida de datos
c:\users\mrgom\desktop\proyecto final mate\proyecto final mate.cpp(1629): warning C4244: '=': conversión de 'double' a 'float'; posible pérdida de datos
c:\users\mrgom\desktop\proyecto final mate\proyecto final mate.cpp(1816): warning C4244: '=': conversión de 'double' a 'float'; posible pérdida de datos
c:\users\mrgom\desktop\proyecto final mate\proyecto final mate.cpp(1817): warning C4244: '=': conversión de 'double' a 'float'; posible pérdida de datos
c:\users\mrgom\desktop\proyecto final mate\proyecto final mate.cpp(1881): warning C4244: '=': conversión de 'size_t' a 'float'; posible pérdida de datos
c:\users\mrgom\desktop\proyecto final mate\proyecto final mate.cpp(1893): warning C4244: '=': conversión de 'double' a 'float'; posible pérdida de datos
c:\users\mrgom\desktop\proyecto final mate\proyecto final mate.cpp(2075): warning C4244: '=': conversión de 'double' a 'float'; posible pérdida de datos
c:\users\mrgom\desktop\proyecto final mate\proyecto final mate.cpp(2076): warning C4244: '=': conversión de 'double' a 'float'; posible pérdida de datos
c:\users\mrgom\desktop\proyecto final mate\proyecto final mate.cpp(2192): warning C4244: '=': conversión de 'double' a 'float'; posible pérdida de datos
c:\users\mrgom\desktop\proyecto final mate\proyecto final mate.cpp(2249): warning C4244: '=': conversión de 'double' a 'float'; posible pérdida de datos
c:\users\mrgom\desktop\proyecto final mate\proyecto final mate.cpp(2310): warning C4244: '=': conversión de 'double' a 'float'; posible pérdida de datos
c:\users\mrgom\desktop\proyecto final mate\proyecto final mate.cpp(2522): warning C4244: '=': conversión de 'double' a 'float'; posible pérdida de datos
c:\users\mrgom\desktop\proyecto final mate\proyecto final mate.cpp(2580): warning C4244: '=': conversión de 'double' a 'float'; posible pérdida de datos
c:\users\mrgom\desktop\proyecto final mate\proyecto final mate.cpp(2644): warning C4244: '=': conversión de 'double' a 'float'; posible pérdida de datos
c:\users\mrgom\desktop\proyecto final mate\proyecto final mate.cpp(2856): warning C4244: '=': conversión de 'size_t' a 'float'; posible pérdida de datos
c:\users\mrgom\desktop\proyecto final mate\proyecto final mate.cpp(2869): warning C4244: '=': conversión de 'double' a 'float'; posible pérdida de datos
c:\users\mrgom\desktop\proyecto final mate\proyecto final mate.cpp(3459): warning C4244: '=': conversión de 'double' a 'float'; posible pérdida de datos
c:\users\mrgom\desktop\proyecto final mate\proyecto final mate.cpp(3460): warning C4244: '=': conversión de 'double' a 'float'; posible pérdida de datos
c:\users\mrgom\desktop\proyecto final mate\proyecto final mate.cpp(3637): warning C4244: '=': conversión de 'size_t' a 'float'; posible pérdida de datos
c:\users\mrgom\desktop\proyecto final mate\proyecto final mate.cpp(3649): warning C4244: '=': conversión de 'double' a 'float'; posible pérdida de datos
c:\users\mrgom\desktop\proyecto final mate\proyecto final mate.cpp(4238): warning C4244: '=': conversión de 'double' a 'float'; posible pérdida de datos
c:\users\mrgom\desktop\proyecto final mate\proyecto final mate.cpp(4239): warning C4244: '=': conversión de 'double' a 'float'; posible pérdida de datos
c:\users\mrgom\desktop\proyecto final mate\proyecto final mate.cpp(4415): warning C4244: '=': conversión de 'size_t' a 'float'; posible pérdida de datos
c:\users\mrgom\desktop\proyecto final mate\proyecto final mate.cpp(4427): warning C4244: '=': conversión de 'double' a 'float'; posible pérdida de datos
c:\users\mrgom\desktop\proyecto final mate\proyecto final mate.cpp(4994): warning C4244: '=': conversión de 'double' a 'float'; posible pérdida de datos
c:\users\mrgom\desktop\proyecto final mate\proyecto final mate.cpp(4995): warning C4244: '=': conversión de 'double' a 'float'; posible pérdida de datos
c:\users\mrgom\desktop\proyecto final mate\proyecto final mate.cpp(5178): warning C4244: '=': conversión de 'double' a 'float'; posible pérdida de datos
c:\users\mrgom\desktop\proyecto final mate\proyecto final mate.cpp(5221): warning C4244: '=': conversión de 'double' a 'float'; posible pérdida de datos
c:\users\mrgom\desktop\proyecto final mate\proyecto final mate.cpp(5268): warning C4244: '=': conversión de 'double' a 'float'; posible pérdida de datos
c:\users\mrgom\desktop\proyecto final mate\proyecto final mate.cpp(5388): warning C4244: '=': conversión de 'double' a 'float'; posible pérdida de datos
c:\users\mrgom\desktop\proyecto final mate\proyecto final mate.cpp(5433): warning C4244: '=': conversión de 'double' a 'float'; posible pérdida de datos
c:\users\mrgom\desktop\proyecto final mate\proyecto final mate.cpp(5482): warning C4244: '=': conversión de 'double' a 'float'; posible pérdida de datos
c:\users\mrgom\desktop\proyecto final mate\proyecto final mate.cpp(5533): warning C4244: '=': conversión de 'double' a 'float'; posible pérdida de datos
c:\users\mrgom\desktop\proyecto final mate\proyecto final mate.cpp(5578): warning C4244: '=': conversión de 'double' a 'float'; posible pérdida de datos
c:\users\mrgom\desktop\proyecto final mate\proyecto final mate.cpp(5627): warning C4244: '=': conversión de 'double' a 'float'; posible pérdida de datos
c:\users\mrgom\desktop\proyecto final mate\proyecto final mate.cpp(5670): warning C4244: '=': conversión de 'double' a 'float'; posible pérdida de datos
c:\users\mrgom\desktop\proyecto final mate\proyecto final mate.cpp(5733): warning C4244: '=': conversión de 'double' a 'float'; posible pérdida de datos
c:\users\mrgom\desktop\proyecto final mate\proyecto final mate.cpp(5734): warning C4244: '=': conversión de 'double' a 'float'; posible pérdida de datos
  Proyecto final mate.vcxproj -> C:\Users\mrgom\Desktop\Proyecto final mate\Debug\Proyecto final mate.exe
