  Proyecto final mate.cpp
E:\uanl\calc mate\Proyecto final mate\Proyecto final mate.cpp(73,13): warning C4326: el tipo de valor devuelto de 'main' debe ser 'int' en lugar de 'void'
E:\uanl\calc mate\Proyecto final mate\Proyecto final mate.cpp(247,27): warning C4244: '=': conversión de 'int' a 'float'; posible pérdida de datos
E:\uanl\calc mate\Proyecto final mate\Proyecto final mate.cpp(257,19): warning C4244: '=': conversión de 'double' a 'float'; posible pérdida de datos
E:\uanl\calc mate\Proyecto final mate\Proyecto final mate.cpp(935,16): warning C4244: '=': conversión de 'double' a 'float'; posible pérdida de datos
E:\uanl\calc mate\Proyecto final mate\Proyecto final mate.cpp(981,16): warning C4244: '=': conversión de 'double' a 'float'; posible pérdida de datos
E:\uanl\calc mate\Proyecto final mate\Proyecto final mate.cpp(1031,16): warning C4244: '=': conversión de 'double' a 'float'; posible pérdida de datos
E:\uanl\calc mate\Proyecto final mate\Proyecto final mate.cpp(1138,16): warning C4244: '=': conversión de 'double' a 'float'; posible pérdida de datos
E:\uanl\calc mate\Proyecto final mate\Proyecto final mate.cpp(1183,16): warning C4244: '=': conversión de 'double' a 'float'; posible pérdida de datos
E:\uanl\calc mate\Proyecto final mate\Proyecto final mate.cpp(1233,16): warning C4244: '=': conversión de 'double' a 'float'; posible pérdida de datos
E:\uanl\calc mate\Proyecto final mate\Proyecto final mate.cpp(1361,17): warning C4244: '=': conversión de 'size_t' a 'float'; posible pérdida de datos
E:\uanl\calc mate\Proyecto final mate\Proyecto final mate.cpp(1374,18): warning C4244: '=': conversión de 'double' a 'float'; posible pérdida de datos
E:\uanl\calc mate\Proyecto final mate\Proyecto final mate.cpp(1555,14): warning C4244: '=': conversión de 'double' a 'float'; posible pérdida de datos
E:\uanl\calc mate\Proyecto final mate\Proyecto final mate.cpp(1556,16): warning C4244: '=': conversión de 'double' a 'float'; posible pérdida de datos
E:\uanl\calc mate\Proyecto final mate\Proyecto final mate.cpp(1613,17): warning C4244: '=': conversión de 'size_t' a 'float'; posible pérdida de datos
E:\uanl\calc mate\Proyecto final mate\Proyecto final mate.cpp(1625,18): warning C4244: '=': conversión de 'double' a 'float'; posible pérdida de datos
E:\uanl\calc mate\Proyecto final mate\Proyecto final mate.cpp(1812,14): warning C4244: '=': conversión de 'double' a 'float'; posible pérdida de datos
E:\uanl\calc mate\Proyecto final mate\Proyecto final mate.cpp(1813,16): warning C4244: '=': conversión de 'double' a 'float'; posible pérdida de datos
E:\uanl\calc mate\Proyecto final mate\Proyecto final mate.cpp(1877,17): warning C4244: '=': conversión de 'size_t' a 'float'; posible pérdida de datos
E:\uanl\calc mate\Proyecto final mate\Proyecto final mate.cpp(1889,18): warning C4244: '=': conversión de 'double' a 'float'; posible pérdida de datos
E:\uanl\calc mate\Proyecto final mate\Proyecto final mate.cpp(2071,14): warning C4244: '=': conversión de 'double' a 'float'; posible pérdida de datos
E:\uanl\calc mate\Proyecto final mate\Proyecto final mate.cpp(2072,16): warning C4244: '=': conversión de 'double' a 'float'; posible pérdida de datos
E:\uanl\calc mate\Proyecto final mate\Proyecto final mate.cpp(2188,16): warning C4244: '=': conversión de 'double' a 'float'; posible pérdida de datos
E:\uanl\calc mate\Proyecto final mate\Proyecto final mate.cpp(2245,16): warning C4244: '=': conversión de 'double' a 'float'; posible pérdida de datos
E:\uanl\calc mate\Proyecto final mate\Proyecto final mate.cpp(2306,16): warning C4244: '=': conversión de 'double' a 'float'; posible pérdida de datos
E:\uanl\calc mate\Proyecto final mate\Proyecto final mate.cpp(2518,16): warning C4244: '=': conversión de 'double' a 'float'; posible pérdida de datos
E:\uanl\calc mate\Proyecto final mate\Proyecto final mate.cpp(2576,16): warning C4244: '=': conversión de 'double' a 'float'; posible pérdida de datos
E:\uanl\calc mate\Proyecto final mate\Proyecto final mate.cpp(2640,16): warning C4244: '=': conversión de 'double' a 'float'; posible pérdida de datos
E:\uanl\calc mate\Proyecto final mate\Proyecto final mate.cpp(2852,19): warning C4244: '=': conversión de 'size_t' a 'float'; posible pérdida de datos
E:\uanl\calc mate\Proyecto final mate\Proyecto final mate.cpp(2865,20): warning C4244: '=': conversión de 'double' a 'float'; posible pérdida de datos
E:\uanl\calc mate\Proyecto final mate\Proyecto final mate.cpp(3455,16): warning C4244: '=': conversión de 'double' a 'float'; posible pérdida de datos
E:\uanl\calc mate\Proyecto final mate\Proyecto final mate.cpp(3456,18): warning C4244: '=': conversión de 'double' a 'float'; posible pérdida de datos
E:\uanl\calc mate\Proyecto final mate\Proyecto final mate.cpp(3633,19): warning C4244: '=': conversión de 'size_t' a 'float'; posible pérdida de datos
E:\uanl\calc mate\Proyecto final mate\Proyecto final mate.cpp(3645,20): warning C4244: '=': conversión de 'double' a 'float'; posible pérdida de datos
E:\uanl\calc mate\Proyecto final mate\Proyecto final mate.cpp(4234,16): warning C4244: '=': conversión de 'double' a 'float'; posible pérdida de datos
E:\uanl\calc mate\Proyecto final mate\Proyecto final mate.cpp(4235,18): warning C4244: '=': conversión de 'double' a 'float'; posible pérdida de datos
E:\uanl\calc mate\Proyecto final mate\Proyecto final mate.cpp(4411,18): warning C4244: '=': conversión de 'size_t' a 'float'; posible pérdida de datos
E:\uanl\calc mate\Proyecto final mate\Proyecto final mate.cpp(4423,19): warning C4244: '=': conversión de 'double' a 'float'; posible pérdida de datos
E:\uanl\calc mate\Proyecto final mate\Proyecto final mate.cpp(4990,15): warning C4244: '=': conversión de 'double' a 'float'; posible pérdida de datos
E:\uanl\calc mate\Proyecto final mate\Proyecto final mate.cpp(4991,17): warning C4244: '=': conversión de 'double' a 'float'; posible pérdida de datos
E:\uanl\calc mate\Proyecto final mate\Proyecto final mate.cpp(5174,21): warning C4244: '=': conversión de 'double' a 'float'; posible pérdida de datos
E:\uanl\calc mate\Proyecto final mate\Proyecto final mate.cpp(5217,21): warning C4244: '=': conversión de 'double' a 'float'; posible pérdida de datos
E:\uanl\calc mate\Proyecto final mate\Proyecto final mate.cpp(5264,21): warning C4244: '=': conversión de 'double' a 'float'; posible pérdida de datos
E:\uanl\calc mate\Proyecto final mate\Proyecto final mate.cpp(5399,15): warning C4244: '=': conversión de 'double' a 'float'; posible pérdida de datos
E:\uanl\calc mate\Proyecto final mate\Proyecto final mate.cpp(5444,15): warning C4244: '=': conversión de 'double' a 'float'; posible pérdida de datos
E:\uanl\calc mate\Proyecto final mate\Proyecto final mate.cpp(5493,15): warning C4244: '=': conversión de 'double' a 'float'; posible pérdida de datos
E:\uanl\calc mate\Proyecto final mate\Proyecto final mate.cpp(5544,21): warning C4244: '=': conversión de 'double' a 'float'; posible pérdida de datos
E:\uanl\calc mate\Proyecto final mate\Proyecto final mate.cpp(5589,21): warning C4244: '=': conversión de 'double' a 'float'; posible pérdida de datos
E:\uanl\calc mate\Proyecto final mate\Proyecto final mate.cpp(5638,21): warning C4244: '=': conversión de 'double' a 'float'; posible pérdida de datos
E:\uanl\calc mate\Proyecto final mate\Proyecto final mate.cpp(5681,21): warning C4244: '=': conversión de 'double' a 'float'; posible pérdida de datos
E:\uanl\calc mate\Proyecto final mate\Proyecto final mate.cpp(5744,15): warning C4244: '=': conversión de 'double' a 'float'; posible pérdida de datos
E:\uanl\calc mate\Proyecto final mate\Proyecto final mate.cpp(5745,17): warning C4244: '=': conversión de 'double' a 'float'; posible pérdida de datos
  Proyecto final mate.vcxproj -> E:\uanl\calc mate\Proyecto final mate\Debug\Proyecto final mate.exe
